<?xml version="1.0" encoding="UTF-8"?>
<!-- Generated by org.testng.reporters.JUnitReportReporter -->
<testsuite hostname="DESKTOP-OA0PO8R" failures="0" tests="1" name="com.greencart.qa.testcases.GrrenCartHomeTest" time="1.912" errors="0" timestamp="2025-07-27T12:00:55 IST" skipped="0">
  <testcase classname="com.greencart.qa.testcases.GrrenCartHomeTest" name="homePageTest" time="1.912"/>
</testsuite> <!-- com.greencart.qa.testcases.GrrenCartHomeTest -->
